  Assembling ReturnSpoofStub.asm...
  Assembling _spoofer_stub.asm...
  DllMain.cpp
C:\Users\rootu\Downloads\ProjectXLeakedSource-master (1)\ProjectXLeakedSource-master\ProjektX-master\ProjektX-master\SDKUnRealEngine.h(189,1): warning C4624: 'cSceneComponent' : le destructeur a été implicitement défini comme étant supprimé
C:\Users\rootu\Downloads\ProjectXLeakedSource-master (1)\ProjectXLeakedSource-master\ProjektX-master\ProjektX-master\SDKUnRealEngine.h(214,1): warning C4624: 'cStaticMeshComponent' : le destructeur a été implicitement défini comme étant supprimé
C:\Users\rootu\Downloads\ProjectXLeakedSource-master (1)\ProjectXLeakedSource-master\ProjektX-master\ProjektX-master\SDKUnRealEngine.h(307,1): warning C4624: 'cActor' : le destructeur a été implicitement défini comme étant supprimé
C:\Users\rootu\Downloads\ProjectXLeakedSource-master (1)\ProjectXLeakedSource-master\ProjektX-master\ProjektX-master\Settings.h(131,53): warning C4305: 'argument' : troncation de 'double' à 'float'
C:\Users\rootu\Downloads\ProjectXLeakedSource-master (1)\ProjectXLeakedSource-master\ProjektX-master\ProjektX-master\Settings.h(132,60): warning C4305: 'argument' : troncation de 'double' à 'float'
C:\Users\rootu\Downloads\ProjectXLeakedSource-master (1)\ProjectXLeakedSource-master\ProjektX-master\ProjektX-master\Settings.h(133,56): warning C4305: 'argument' : troncation de 'double' à 'float'
C:\Users\rootu\Downloads\ProjectXLeakedSource-master (1)\ProjectXLeakedSource-master\ProjektX-master\ProjektX-master\Settings.h(134,61): warning C4305: 'argument' : troncation de 'double' à 'float'
C:\Users\rootu\Downloads\ProjectXLeakedSource-master (1)\ProjectXLeakedSource-master\ProjektX-master\ProjektX-master\Settings.h(135,64): warning C4305: 'argument' : troncation de 'double' à 'float'
C:\Users\rootu\Downloads\ProjectXLeakedSource-master (1)\ProjectXLeakedSource-master\ProjektX-master\ProjektX-master\Settings.h(136,54): warning C4305: 'argument' : troncation de 'double' à 'float'
C:\Users\rootu\Downloads\ProjectXLeakedSource-master (1)\ProjectXLeakedSource-master\ProjektX-master\ProjektX-master\Settings.h(137,56): warning C4305: 'argument' : troncation de 'double' à 'float'
C:\Users\rootu\Downloads\ProjectXLeakedSource-master (1)\ProjectXLeakedSource-master\ProjektX-master\ProjektX-master\Settings.h(138,48): warning C4305: 'argument' : troncation de 'double' à 'float'
C:\Users\rootu\Downloads\ProjectXLeakedSource-master (1)\ProjectXLeakedSource-master\ProjektX-master\ProjektX-master\Settings.h(139,54): warning C4305: 'argument' : troncation de 'double' à 'float'
C:\Users\rootu\Downloads\ProjectXLeakedSource-master (1)\ProjectXLeakedSource-master\ProjektX-master\ProjektX-master\Settings.h(140,55): warning C4305: 'argument' : troncation de 'double' à 'float'
C:\Users\rootu\Downloads\ProjectXLeakedSource-master (1)\ProjectXLeakedSource-master\ProjektX-master\ProjektX-master\EngineHelper.h(88,47): warning C4305: 'argument' : troncation de 'double' à 'float'
C:\Users\rootu\Downloads\ProjectXLeakedSource-master (1)\ProjectXLeakedSource-master\ProjektX-master\ProjektX-master\EngineHelper.h(91,47): warning C4305: 'argument' : troncation de 'double' à 'float'
C:\Users\rootu\Downloads\ProjectXLeakedSource-master (1)\ProjectXLeakedSource-master\ProjektX-master\ProjektX-master\EngineHelper.h(94,47): warning C4305: 'argument' : troncation de 'double' à 'float'
C:\Users\rootu\Downloads\ProjectXLeakedSource-master (1)\ProjectXLeakedSource-master\ProjektX-master\ProjektX-master\EngineHelper.h(97,47): warning C4305: 'argument' : troncation de 'double' à 'float'
C:\Users\rootu\Downloads\ProjectXLeakedSource-master (1)\ProjectXLeakedSource-master\ProjektX-master\ProjektX-master\EngineHelper.h(103,41): warning C4305: 'argument' : troncation de 'double' à 'float'
C:\Users\rootu\Downloads\ProjectXLeakedSource-master (1)\ProjectXLeakedSource-master\ProjektX-master\ProjektX-master\CheatESP.h(46,80): warning C4244: 'argument' : conversion de 'LONG' en 'float', perte possible de données
C:\Users\rootu\Downloads\ProjectXLeakedSource-master (1)\ProjectXLeakedSource-master\ProjektX-master\ProjektX-master\CheatESP.h(46,67): warning C4244: 'argument' : conversion de 'LONG' en 'float', perte possible de données
C:\Users\rootu\Downloads\ProjectXLeakedSource-master (1)\ProjectXLeakedSource-master\ProjektX-master\ProjektX-master\CheatESP.h(46,47): warning C4244: 'argument' : conversion de 'LONG' en 'float', perte possible de données
C:\Users\rootu\Downloads\ProjectXLeakedSource-master (1)\ProjectXLeakedSource-master\ProjektX-master\ProjektX-master\CheatESP.h(46,35): warning C4244: 'argument' : conversion de 'LONG' en 'float', perte possible de données
C:\Users\rootu\Downloads\ProjectXLeakedSource-master (1)\ProjectXLeakedSource-master\ProjektX-master\ProjektX-master\CheatESP.h(48,80): warning C4244: 'argument' : conversion de 'LONG' en 'float', perte possible de données
C:\Users\rootu\Downloads\ProjectXLeakedSource-master (1)\ProjectXLeakedSource-master\ProjektX-master\ProjektX-master\CheatESP.h(48,67): warning C4244: 'argument' : conversion de 'LONG' en 'float', perte possible de données
C:\Users\rootu\Downloads\ProjectXLeakedSource-master (1)\ProjectXLeakedSource-master\ProjektX-master\ProjektX-master\CheatESP.h(48,47): warning C4244: 'argument' : conversion de 'LONG' en 'float', perte possible de données
C:\Users\rootu\Downloads\ProjectXLeakedSource-master (1)\ProjectXLeakedSource-master\ProjektX-master\ProjektX-master\CheatESP.h(48,35): warning C4244: 'argument' : conversion de 'LONG' en 'float', perte possible de données
C:\Users\rootu\Downloads\ProjectXLeakedSource-master (1)\ProjectXLeakedSource-master\ProjektX-master\ProjektX-master\CheatESP.h(94,68): warning C4244: 'argument' : conversion de 'LONG' en 'float', perte possible de données
C:\Users\rootu\Downloads\ProjectXLeakedSource-master (1)\ProjectXLeakedSource-master\ProjektX-master\ProjektX-master\CheatESP.h(96,68): warning C4244: 'argument' : conversion de 'LONG' en 'float', perte possible de données
C:\Users\rootu\Downloads\ProjectXLeakedSource-master (1)\ProjectXLeakedSource-master\ProjektX-master\ProjektX-master\CheatESP.h(226,16): warning C4244: '=' : conversion de 'float' en 'LONG', perte possible de données
C:\Users\rootu\Downloads\ProjectXLeakedSource-master (1)\ProjectXLeakedSource-master\ProjektX-master\ProjektX-master\CheatESP.h(227,24): warning C4244: '=' : conversion de 'float' en 'LONG', perte possible de données
C:\Users\rootu\Downloads\ProjectXLeakedSource-master (1)\ProjectXLeakedSource-master\ProjektX-master\ProjektX-master\CheatESP.h(228,17): warning C4244: '=' : conversion de 'float' en 'LONG', perte possible de données
C:\Users\rootu\Downloads\ProjectXLeakedSource-master (1)\ProjectXLeakedSource-master\ProjektX-master\ProjektX-master\CheatESP.h(229,23): warning C4244: '=' : conversion de 'float' en 'LONG', perte possible de données
C:\Users\rootu\Downloads\ProjectXLeakedSource-master (1)\ProjectXLeakedSource-master\ProjektX-master\ProjektX-master\CheatManipulation.h(93,84): warning C4305: '=' : troncation de 'double' à 'FLOAT'
C:\Users\rootu\Downloads\ProjectXLeakedSource-master (1)\ProjectXLeakedSource-master\ProjektX-master\ProjektX-master\CheatManipulation.h(94,79): warning C4305: '=' : troncation de 'double' à 'FLOAT'
C:\Users\rootu\Downloads\ProjectXLeakedSource-master (1)\ProjectXLeakedSource-master\ProjektX-master\ProjektX-master\CheatManipulation.h(95,77): warning C4305: '=' : troncation de 'double' à 'FLOAT'
C:\Users\rootu\Downloads\ProjectXLeakedSource-master (1)\ProjectXLeakedSource-master\ProjektX-master\ProjektX-master\CheatManipulation.h(97,78): warning C4305: '=' : troncation de 'double' à 'FLOAT'
C:\Users\rootu\Downloads\ProjectXLeakedSource-master (1)\ProjectXLeakedSource-master\ProjektX-master\ProjektX-master\CheatManipulation.h(176,37): warning C4312: 'cast de type' : la conversion de 'int' en 'uint64_t *' d'une taille supérieure
C:\Users\rootu\Downloads\ProjectXLeakedSource-master (1)\ProjectXLeakedSource-master\ProjektX-master\ProjektX-master\CheatManipulation.h(179,32): warning C4312: 'cast de type' : la conversion de 'int' en 'int *' d'une taille supérieure
C:\Users\rootu\Downloads\ProjectXLeakedSource-master (1)\ProjectXLeakedSource-master\ProjektX-master\ProjektX-master\CheatManipulation.h(182,12): warning C4244: '=' : conversion de 'uint64_t' en 'int', perte possible de données
C:\Users\rootu\Downloads\ProjectXLeakedSource-master (1)\ProjectXLeakedSource-master\ProjektX-master\ProjektX-master\CheatManipulation.h(185,15): warning C4312: 'cast de type' : la conversion de 'int' en 'float *' d'une taille supérieure
C:\Users\rootu\Downloads\ProjectXLeakedSource-master (1)\ProjectXLeakedSource-master\ProjektX-master\ProjektX-master\CheatManipulation.h(239,37): warning C4312: 'cast de type' : la conversion de 'int' en 'uint64_t *' d'une taille supérieure
C:\Users\rootu\Downloads\ProjectXLeakedSource-master (1)\ProjectXLeakedSource-master\ProjektX-master\ProjektX-master\CheatManipulation.h(242,32): warning C4312: 'cast de type' : la conversion de 'int' en 'int *' d'une taille supérieure
C:\Users\rootu\Downloads\ProjectXLeakedSource-master (1)\ProjectXLeakedSource-master\ProjektX-master\ProjektX-master\CheatManipulation.h(245,12): warning C4244: '=' : conversion de 'uint64_t' en 'int', perte possible de données
C:\Users\rootu\Downloads\ProjectXLeakedSource-master (1)\ProjectXLeakedSource-master\ProjektX-master\ProjektX-master\CheatManipulation.h(248,15): warning C4312: 'cast de type' : la conversion de 'int' en 'float *' d'une taille supérieure
C:\Users\rootu\Downloads\ProjectXLeakedSource-master (1)\ProjectXLeakedSource-master\ProjektX-master\ProjektX-master\RenderCore.h(306,22): warning C4129: ' ' : caractère de séquence d'échappement non reconnu
C:\Users\rootu\Downloads\ProjectXLeakedSource-master (1)\ProjectXLeakedSource-master\ProjektX-master\ProjektX-master\RenderCore.h(542,64): warning C4244: 'argument' : conversion de 'float' en 'int', perte possible de données
C:\Users\rootu\Downloads\ProjectXLeakedSource-master (1)\ProjectXLeakedSource-master\ProjektX-master\ProjektX-master\RenderCore.h(543,66): warning C4244: 'argument' : conversion de 'float' en 'int', perte possible de données
C:\Users\rootu\Downloads\ProjectXLeakedSource-master (1)\ProjectXLeakedSource-master\ProjektX-master\ProjektX-master\RenderCore.h(544,63): warning C4244: 'argument' : conversion de 'float' en 'int', perte possible de données
C:\Users\rootu\Downloads\ProjectXLeakedSource-master (1)\ProjectXLeakedSource-master\ProjektX-master\ProjektX-master\RenderCore.h(588,58): warning C4244: '=' : conversion de 'LONG' en 'float', perte possible de données
C:\Users\rootu\Downloads\ProjectXLeakedSource-master (1)\ProjectXLeakedSource-master\ProjektX-master\ProjektX-master\RenderCore.h(589,59): warning C4244: '=' : conversion de 'LONG' en 'float', perte possible de données
C:\Users\rootu\Downloads\ProjectXLeakedSource-master (1)\ProjectXLeakedSource-master\ProjektX-master\ProjektX-master\DllMain.cpp(38,57): warning C4552: '+' : résultat de l'expression non utilisé
C:\Users\rootu\Downloads\ProjectXLeakedSource-master (1)\ProjectXLeakedSource-master\ProjektX-master\ProjektX-master\XorStr.h(79,1): warning C4267: 'argument' : conversion de 'size_t' en 'int', perte possible de données
C:\Users\rootu\Downloads\ProjectXLeakedSource-master (1)\ProjectXLeakedSource-master\ProjektX-master\ProjektX-master\XorStr.h(74): message : pendant la compilation de la fonction membre classe modèle 'void _Basic_XorStr<std::basic_string<char,std::char_traits<char>,std::allocator<char>>,52>::decrypt(void) const'
C:\Users\rootu\Downloads\ProjectXLeakedSource-master (1)\ProjectXLeakedSource-master\ProjektX-master\ProjektX-master\XorStr.h(33): message : voir la référence à l'instanciation de la fonction modèle 'void _Basic_XorStr<std::basic_string<char,std::char_traits<char>,std::allocator<char>>,52>::decrypt(void) const' en cours de compilation
C:\Users\rootu\Downloads\ProjectXLeakedSource-master (1)\ProjectXLeakedSource-master\ProjektX-master\ProjektX-master\XorStr.h(135): message : voir la référence à l'instanciation classe modèle '_Basic_XorStr<std::basic_string<char,std::char_traits<char>,std::allocator<char>>,52>' en cours de compilation
C:\Users\rootu\Downloads\ProjectXLeakedSource-master (1)\ProjectXLeakedSource-master\ProjektX-master\ProjektX-master\DllMain.cpp(43): message : voir la référence à l'instanciation de la fonction modèle '_Basic_XorStr<std::basic_string<char,std::char_traits<char>,std::allocator<char>>,52> _xor<52>(const char (&)[52])' en cours de compilation
C:\Users\rootu\Downloads\ProjectXLeakedSource-master (1)\ProjectXLeakedSource-master\ProjektX-master\ProjektX-master\XorStr.h(135): message : voir la référence à l'instanciation classe modèle '_Basic_XorStr<std::basic_string<char,std::char_traits<char>,std::allocator<char>>,32>' en cours de compilation
C:\Users\rootu\Downloads\ProjectXLeakedSource-master (1)\ProjectXLeakedSource-master\ProjektX-master\ProjektX-master\RenderCore.h(385): message : voir la référence à l'instanciation de la fonction modèle '_Basic_XorStr<std::basic_string<char,std::char_traits<char>,std::allocator<char>>,32> _xor<32>(const char (&)[32])' en cours de compilation
C:\Users\rootu\Downloads\ProjectXLeakedSource-master (1)\ProjectXLeakedSource-master\ProjektX-master\ProjektX-master\XorStr.h(135): message : voir la référence à l'instanciation classe modèle '_Basic_XorStr<std::basic_string<char,std::char_traits<char>,std::allocator<char>>,20>' en cours de compilation
C:\Users\rootu\Downloads\ProjectXLeakedSource-master (1)\ProjectXLeakedSource-master\ProjektX-master\ProjektX-master\RenderCore.h(382): message : voir la référence à l'instanciation de la fonction modèle '_Basic_XorStr<std::basic_string<char,std::char_traits<char>,std::allocator<char>>,20> _xor<20>(const char (&)[20])' en cours de compilation
C:\Users\rootu\Downloads\ProjectXLeakedSource-master (1)\ProjectXLeakedSource-master\ProjektX-master\ProjektX-master\XorStr.h(135): message : voir la référence à l'instanciation classe modèle '_Basic_XorStr<std::basic_string<char,std::char_traits<char>,std::allocator<char>>,56>' en cours de compilation
C:\Users\rootu\Downloads\ProjectXLeakedSource-master (1)\ProjectXLeakedSource-master\ProjektX-master\ProjektX-master\RenderCore.h(261): message : voir la référence à l'instanciation de la fonction modèle '_Basic_XorStr<std::basic_string<char,std::char_traits<char>,std::allocator<char>>,56> _xor<56>(const char (&)[56])' en cours de compilation
C:\Users\rootu\Downloads\ProjectXLeakedSource-master (1)\ProjectXLeakedSource-master\ProjektX-master\ProjektX-master\XorStr.h(135): message : voir la référence à l'instanciation classe modèle '_Basic_XorStr<std::basic_string<char,std::char_traits<char>,std::allocator<char>>,62>' en cours de compilation
C:\Users\rootu\Downloads\ProjectXLeakedSource-master (1)\ProjectXLeakedSource-master\ProjektX-master\ProjektX-master\RenderCore.h(257): message : voir la référence à l'instanciation de la fonction modèle '_Basic_XorStr<std::basic_string<char,std::char_traits<char>,std::allocator<char>>,62> _xor<62>(const char (&)[62])' en cours de compilation
C:\Users\rootu\Downloads\ProjectXLeakedSource-master (1)\ProjectXLeakedSource-master\ProjektX-master\ProjektX-master\XorStr.h(135): message : voir la référence à l'instanciation classe modèle '_Basic_XorStr<std::basic_string<char,std::char_traits<char>,std::allocator<char>>,25>' en cours de compilation
C:\Users\rootu\Downloads\ProjectXLeakedSource-master (1)\ProjectXLeakedSource-master\ProjektX-master\ProjektX-master\RenderCore.h(251): message : voir la référence à l'instanciation de la fonction modèle '_Basic_XorStr<std::basic_string<char,std::char_traits<char>,std::allocator<char>>,25> _xor<25>(const char (&)[25])' en cours de compilation
C:\Users\rootu\Downloads\ProjectXLeakedSource-master (1)\ProjectXLeakedSource-master\ProjektX-master\ProjektX-master\XorStr.h(135): message : voir la référence à l'instanciation classe modèle '_Basic_XorStr<std::basic_string<char,std::char_traits<char>,std::allocator<char>>,31>' en cours de compilation
C:\Users\rootu\Downloads\ProjectXLeakedSource-master (1)\ProjectXLeakedSource-master\ProjektX-master\ProjektX-master\RenderCore.h(246): message : voir la référence à l'instanciation de la fonction modèle '_Basic_XorStr<std::basic_string<char,std::char_traits<char>,std::allocator<char>>,31> _xor<31>(const char (&)[31])' en cours de compilation
C:\Users\rootu\Downloads\ProjectXLeakedSource-master (1)\ProjectXLeakedSource-master\ProjektX-master\ProjektX-master\XorStr.h(135): message : voir la référence à l'instanciation classe modèle '_Basic_XorStr<std::basic_string<char,std::char_traits<char>,std::allocator<char>>,3>' en cours de compilation
C:\Users\rootu\Downloads\ProjectXLeakedSource-master (1)\ProjectXLeakedSource-master\ProjektX-master\ProjektX-master\RenderCore.h(234): message : voir la référence à l'instanciation de la fonction modèle '_Basic_XorStr<std::basic_string<char,std::char_traits<char>,std::allocator<char>>,3> _xor<3>(const char (&)[3])' en cours de compilation
C:\Users\rootu\Downloads\ProjectXLeakedSource-master (1)\ProjectXLeakedSource-master\ProjektX-master\ProjektX-master\XorStr.h(135): message : voir la référence à l'instanciation classe modèle '_Basic_XorStr<std::basic_string<char,std::char_traits<char>,std::allocator<char>>,13>' en cours de compilation
C:\Users\rootu\Downloads\ProjectXLeakedSource-master (1)\ProjectXLeakedSource-master\ProjektX-master\ProjektX-master\RenderCore.h(226): message : voir la référence à l'instanciation de la fonction modèle '_Basic_XorStr<std::basic_string<char,std::char_traits<char>,std::allocator<char>>,13> _xor<13>(const char (&)[13])' en cours de compilation
C:\Users\rootu\Downloads\ProjectXLeakedSource-master (1)\ProjectXLeakedSource-master\ProjektX-master\ProjektX-master\XorStr.h(135): message : voir la référence à l'instanciation classe modèle '_Basic_XorStr<std::basic_string<char,std::char_traits<char>,std::allocator<char>>,7>' en cours de compilation
C:\Users\rootu\Downloads\ProjectXLeakedSource-master (1)\ProjectXLeakedSource-master\ProjektX-master\ProjektX-master\RenderCore.h(209): message : voir la référence à l'instanciation de la fonction modèle '_Basic_XorStr<std::basic_string<char,std::char_traits<char>,std::allocator<char>>,7> _xor<7>(const char (&)[7])' en cours de compilation
C:\Users\rootu\Downloads\ProjectXLeakedSource-master (1)\ProjectXLeakedSource-master\ProjektX-master\ProjektX-master\XorStr.h(135): message : voir la référence à l'instanciation classe modèle '_Basic_XorStr<std::basic_string<char,std::char_traits<char>,std::allocator<char>>,8>' en cours de compilation
C:\Users\rootu\Downloads\ProjectXLeakedSource-master (1)\ProjectXLeakedSource-master\ProjektX-master\ProjektX-master\RenderCore.h(191): message : voir la référence à l'instanciation de la fonction modèle '_Basic_XorStr<std::basic_string<char,std::char_traits<char>,std::allocator<char>>,8> _xor<8>(const char (&)[8])' en cours de compilation
C:\Users\rootu\Downloads\ProjectXLeakedSource-master (1)\ProjectXLeakedSource-master\ProjektX-master\ProjektX-master\XorStr.h(135): message : voir la référence à l'instanciation classe modèle '_Basic_XorStr<std::basic_string<char,std::char_traits<char>,std::allocator<char>>,6>' en cours de compilation
C:\Users\rootu\Downloads\ProjectXLeakedSource-master (1)\ProjectXLeakedSource-master\ProjektX-master\ProjektX-master\ReturnSpoofer.h(35): message : voir la référence à l'instanciation de la fonction modèle '_Basic_XorStr<std::basic_string<char,std::char_traits<char>,std::allocator<char>>,6> _xor<6>(const char (&)[6])' en cours de compilation
  imgui.cpp
  imgui_demo.cpp
  imgui_draw.cpp
  imgui_impl_dx11.cpp
  imgui_impl_win32.cpp
  imgui_widgets.cpp
  Génération de code en cours
  Previous IPDB not found, fall back to full compilation.
C:\Users\rootu\Downloads\ProjectXLeakedSource-master (1)\ProjectXLeakedSource-master\ProjektX-master\ProjektX-master\SDKUnRealEngine.h(85): warning C4172: retourne l'adresse d'une variable locale ou : sBuff temporaire
C:\Users\rootu\Downloads\ProjectXLeakedSource-master (1)\ProjectXLeakedSource-master\ProjektX-master\ProjektX-master\EngineHelper.h(404): warning C4172: retourne l'adresse d'une variable locale ou  temporaire
C:\Users\rootu\Downloads\ProjectXLeakedSource-master (1)\ProjectXLeakedSource-master\ProjektX-master\ProjektX-master\EngineHelper.h(414): warning C4172: retourne l'adresse d'une variable locale ou  temporaire
C:\Users\rootu\Downloads\ProjectXLeakedSource-master (1)\ProjectXLeakedSource-master\ProjektX-master\ProjektX-master\EngineHelper.h(424): warning C4172: retourne l'adresse d'une variable locale ou  temporaire
C:\Users\rootu\Downloads\ProjectXLeakedSource-master (1)\ProjectXLeakedSource-master\ProjektX-master\ProjektX-master\EngineHelper.h(434): warning C4172: retourne l'adresse d'une variable locale ou : pResult temporaire
  All 1931 functions were compiled because no usable IPDB/IOBJ from previous compilation was found.
  Fin de la génération du code
  Glitch V2.vcxproj -> C:\Users\rootu\Downloads\ProjectXLeakedSource-master (1)\ProjectXLeakedSource-master\ProjektX-master\ProjektX-master\x64\Release\ProjectXSRC.dll
